
                             _RF:RF2 PI: PRESS  _U:U2 PI: PRESS-1
                  X             -1 N: 121_1          N: 121_1    

                0.              -114.579E-06          0.         
               50.0348E-06        -4.61273E-03     -125.087E-06  
              100.027E-06         -5.08554E-03     -250.068E-06  
              150.037E-06         -5.41701E-03     -375.093E-06  
              200.031E-06         -5.72827E-03     -500.08E-06   
              250.002E-06         -5.79848E-03     -625.006E-06  
              300.045E-06         -6.10945E-03     -750.113E-06  
              350.034E-06         -6.34841E-03     -875.086E-06  
              400.028E-06         -6.37522E-03       -1.00007E-03
              450.018E-06         -6.63437E-03       -1.12505E-03
              500.058E-06         -6.79662E-03       -1.25016E-03
              550.022E-06         -6.94146E-03       -1.37507E-03
              600.013E-06         -6.93176E-03       -1.50005E-03
              650.008E-06         -7.23461E-03       -1.62504E-03
              700.06E-06          -7.36062E-03       -1.75018E-03
              750.055E-06         -7.5112E-03        -1.87516E-03
              800.025E-06         -7.78609E-03       -2.00008E-03
              850.012E-06         -7.69088E-03       -2.12505E-03
              900.008E-06         -8.0407E-03        -2.25003E-03
              950.003E-06         -8.17552E-03       -2.37501E-03
                1.E-03            -8.05924E-03       -2.50001E-03




