
                             _RF:RF2 PI: PRESS  _U:U2 PI: PRESS-1
                  X              -1 N: 121            N: 121     

                0.              -114.579E-06          0.         
               50.0363E-06        -3.9401E-03      -125.091E-06  
              100.049E-06         -4.79975E-03     -250.123E-06  
              150.041E-06         -5.11633E-03     -375.102E-06  
              200.037E-06         -5.29206E-03     -500.094E-06  
              250.007E-06         -5.54838E-03     -625.018E-06  
              300.055E-06         -5.62211E-03     -750.136E-06  
              350.043E-06         -5.88185E-03     -875.105E-06  
              400.025E-06         -6.03723E-03       -1.00006E-03
              450.01E-06          -6.0042E-03        -1.12502E-03
              500.049E-06         -6.2035E-03        -1.25012E-03
              550.061E-06         -6.29684E-03       -1.37515E-03
              600.036E-06         -6.18064E-03       -1.50009E-03
              650.013E-06         -6.79794E-03       -1.62502E-03
              700.055E-06         -6.79563E-03       -1.75013E-03
              750.037E-06         -6.80541E-03       -1.87509E-03
              800.06E-06          -6.92943E-03       -2.00015E-03
              850.029E-06         -6.81695E-03       -2.1251E-03 
              900.003E-06         -7.08593E-03       -2.25005E-03
              950.038E-06         -7.38767E-03       -2.37513E-03
                1.E-03            -7.34736E-03       -2.50004E-03




