
                             _RF:RF2 PI: PRESS  _U:U2 PI: PRESS-1
                  X              -1 N: 1_1            N: 1_1     

                0.                -0.                 0.         
               62.5E-03         -150.508           -312.5E-06    
               78.125E-03       -159.018           -390.625E-06  
              101.562E-03       -168.757           -507.812E-06  
              136.719E-03       -180.911           -683.594E-06  
              171.875E-03       -190.851           -859.375E-06  
              207.031E-03       -200.519             -1.03516E-03
              242.188E-03       -207.277             -1.21094E-03
              277.344E-03       -209.413             -1.38672E-03
              312.5E-03         -209.714             -1.5625E-03 
              347.656E-03       -212.99              -1.73828E-03
              400.391E-03       -221.39              -2.00195E-03
              479.492E-03       -237.274             -2.39746E-03
              558.594E-03       -257.638             -2.79297E-03
              578.369E-03       -259.311             -2.89185E-03
              588.257E-03       -262.587             -2.94128E-03
              593.201E-03       -265.995             -2.966E-03  
              598.145E-03       -269.439             -2.99072E-03
              603.088E-03       -272.092             -3.01544E-03
              608.032E-03       -272.389             -3.04016E-03
              612.976E-03       -272.671             -3.06488E-03
              620.392E-03       -273.47              -3.10196E-03
              631.516E-03       -274.264             -3.15758E-03
              642.639E-03       -274.43              -3.2132E-03 
              653.763E-03       -272.498             -3.26881E-03
              664.886E-03       -270.562             -3.32443E-03
              676.01E-03        -271.096             -3.38005E-03
              687.134E-03       -270.889             -3.43567E-03
              698.257E-03       -269.065             -3.49129E-03
              709.381E-03       -262.621             -3.54691E-03
              720.505E-03       -260.584             -3.60252E-03
              731.628E-03       -260.856             -3.65814E-03
              748.314E-03       -260.558             -3.74157E-03
              773.342E-03       -261.199             -3.86671E-03
              810.884E-03       -269.435             -4.05442E-03
              848.427E-03       -278.446             -4.24213E-03
              885.969E-03       -290.635             -4.42985E-03
              923.511E-03       -305.704             -4.61756E-03
              961.054E-03       -313.679             -4.80527E-03
              998.596E-03       -336.879             -4.99298E-03
                1.              -337.222             -5.E-03     




