
                             _RF:RF2 PI: PRESS  _U:U2 PI: PRESS-1
                  X               -1 N: 1              N: 1      

                0.                -0.                 0.         
               15.625E-03       -107.058            -78.125E-06  
               31.25E-03        -121.744           -156.25E-06   
               54.6875E-03      -132.65            -273.438E-06  
               89.8438E-03      -140.725           -449.219E-06  
              103.027E-03       -142.827           -515.137E-06  
              122.803E-03       -148.995           -614.014E-06  
              130.219E-03       -152.546           -651.093E-06  
              141.342E-03       -155.663           -706.711E-06  
              158.028E-03       -160.112           -790.138E-06  
              183.056E-03       -166.472           -915.279E-06  
              220.598E-03       -172.758             -1.10299E-03
              234.677E-03       -172.409             -1.17338E-03
              255.794E-03       -169.448             -1.27897E-03
              276.912E-03       -165.795             -1.38456E-03
              282.191E-03       -165.359             -1.41096E-03
              290.11E-03        -165.722             -1.45055E-03
              301.989E-03       -169.597             -1.50994E-03
              319.807E-03       -178.262             -1.59903E-03
              326.489E-03       -179.785             -1.63244E-03
              336.511E-03       -181.987             -1.68256E-03
              351.545E-03       -185.198             -1.75773E-03
              374.096E-03       -189.983             -1.87048E-03
              407.922E-03       -197.192             -2.03961E-03
              420.607E-03       -199.056             -2.10303E-03
              439.634E-03       -194.503             -2.19817E-03
              446.769E-03       -192.223             -2.23385E-03
              457.472E-03       -188.137             -2.28736E-03
              473.527E-03       -180.901             -2.36763E-03
              497.608E-03       -176.916             -2.48804E-03
              506.638E-03       -181.511             -2.53319E-03
              520.184E-03       -193.578             -2.60092E-03
              525.264E-03       -195.052             -2.62632E-03
              532.883E-03       -197.097             -2.66442E-03
              544.313E-03       -199.995             -2.72156E-03
              561.457E-03       -204.003             -2.80728E-03
              587.172E-03       -209.984             -2.93586E-03
              625.746E-03       -207.603             -3.12873E-03
              629.362E-03       -205.666             -3.14681E-03
              634.787E-03       -202.441             -3.17393E-03
              642.923E-03       -197.061             -3.21462E-03
              655.128E-03       -188.708             -3.27564E-03
              673.436E-03       -181.571             -3.36718E-03
              691.743E-03       -191.817             -3.45872E-03
              710.051E-03       -205.439             -3.55025E-03
              716.916E-03       -207.427             -3.58458E-03
              727.214E-03       -210.209             -3.63607E-03
              742.661E-03       -214.349             -3.7133E-03 
              765.831E-03       -220.524             -3.82916E-03
              800.587E-03       -213.327             -4.00293E-03
              813.62E-03        -201.693             -4.0681E-03 
              826.654E-03       -190.726             -4.13327E-03
              839.687E-03       -185.773             -4.19843E-03
              859.237E-03       -200.613             -4.29618E-03
              864.124E-03       -207.215             -4.32062E-03
              869.012E-03       -209.009             -4.34506E-03
              876.343E-03       -211.244             -4.38172E-03
              887.34E-03        -214.374             -4.4367E-03 
              903.835E-03       -219.027             -4.51918E-03
              928.578E-03       -226.036             -4.64289E-03
              965.693E-03       -209.402             -4.82846E-03
              974.27E-03        -199.968             -4.87135E-03
              982.846E-03       -191.877             -4.91423E-03
              995.712E-03       -188.541             -4.97856E-03
                1.              -190.954             -5.E-03     




