
                             _RF:RF2 PI: PRESS  _U:U2 PI: PRESS-1
                  X              -1 N: 1_1            N: 1_1     

                0.                -0.                 0.         
               15.625E-03       -109.15             -78.125E-06  
               31.25E-03        -126.024           -156.25E-06   
               54.6875E-03      -140.171           -273.438E-06  
               63.4766E-03      -147.707           -317.383E-06  
               76.6602E-03      -154.933           -383.301E-06  
               96.4355E-03      -163.342           -482.178E-06  
              126.099E-03       -173.985           -630.493E-06  
              170.593E-03       -187.955           -852.966E-06  
              237.335E-03       -207.009             -1.18668E-03
              337.448E-03       -234.333             -1.68724E-03
              362.476E-03       -241.119             -1.81238E-03
              387.505E-03       -247.93              -1.93752E-03
              425.047E-03       -258.278             -2.12523E-03
              481.36E-03        -274.212             -2.4068E-03 
              565.831E-03       -299.381             -2.82915E-03
              650.301E-03       -326.809             -3.2515E-03 
              734.771E-03       -357.15              -3.67386E-03
              755.889E-03       -365.299             -3.77944E-03
              777.006E-03       -373.655             -3.88503E-03
              808.683E-03       -386.571             -4.04341E-03
              856.197E-03       -406.887             -4.28099E-03
              903.712E-03       -428.491             -4.51856E-03
              951.226E-03       -451.743             -4.75613E-03
              998.741E-03       -477.035             -4.9937E-03 
                1.              -477.71              -5.E-03     




