
                             _RF:RF2 PI: PRESS  _U:U2 PI: PRESS-1
                  X              -1 N: 1_1            N: 1_1     

                0.                -0.                 0.         
               15.625E-03       -100.276            -78.125E-06  
               31.25E-03        -120.466           -156.25E-06   
               54.6875E-03      -134.424           -273.438E-06  
               89.8438E-03      -146.734           -449.219E-06  
              142.578E-03       -158.364           -712.891E-06  
              155.762E-03       -159.893           -778.809E-06  
              168.945E-03       -161.018           -844.727E-06  
              188.721E-03       -163.89            -943.604E-06  
              218.384E-03       -168.852             -1.09192E-03
              262.878E-03       -174.46              -1.31439E-03
              307.373E-03       -179.197             -1.53687E-03
              318.497E-03       -180.28              -1.59248E-03
              329.62E-03        -180.741             -1.6481E-03 
              340.744E-03       -181.753             -1.70372E-03
              351.868E-03       -182.214             -1.75934E-03
              368.553E-03       -183.894             -1.84277E-03
              374.81E-03        -184.644             -1.87405E-03
              384.196E-03       -185.789             -1.92098E-03
              398.274E-03       -187.27              -1.99137E-03
              419.392E-03       -189.143             -2.09696E-03
              451.068E-03       -192.281             -2.25534E-03
              462.947E-03       -192.578             -2.31473E-03
              480.765E-03       -194.147             -2.40382E-03
              507.492E-03       -195.347             -2.53746E-03
              534.219E-03       -195.907             -2.67109E-03
              560.945E-03       -198.07              -2.80473E-03
              587.672E-03       -200.456             -2.93836E-03
              614.399E-03       -201.959             -3.072E-03  
              641.126E-03       -204.471             -3.20563E-03
              681.217E-03       -206.492             -3.40608E-03
              721.307E-03       -204.44              -3.60653E-03
              731.33E-03        -205.346             -3.65665E-03
              741.352E-03       -207.176             -3.70676E-03
              756.386E-03       -208.304             -3.78193E-03
              778.937E-03       -209.041             -3.89468E-03
              812.763E-03       -212.227             -4.06382E-03
              825.448E-03       -212.801             -4.12724E-03
              844.475E-03       -213.417             -4.22238E-03
              873.016E-03       -210.275             -4.36508E-03
              915.828E-03       -213.285             -4.57914E-03
              931.882E-03       -213.652             -4.65941E-03
              955.963E-03       -215.449             -4.77982E-03
              992.085E-03       -217.542             -4.96043E-03
                1.              -216.943             -5.E-03     




