
                             _RF:RF2 PI: PRESS  _U:U2 PI: PRESS-1
                  X               -1 N: 1              N: 1      

                0.                -0.                 0.         
               15.625E-03       -114.921            -78.125E-06  
               31.25E-03        -133.547           -156.25E-06   
               54.6875E-03      -146.303           -273.438E-06  
               89.8438E-03      -153.966           -449.219E-06  
              103.027E-03       -154.279           -515.137E-06  
              122.803E-03       -152.399           -614.014E-06  
              152.466E-03       -158.054           -762.329E-06  
              163.589E-03       -162.506           -817.947E-06  
              180.275E-03       -167.319           -901.375E-06  
              205.303E-03       -173.843             -1.02652E-03
              242.846E-03       -183.327             -1.21423E-03
              299.159E-03       -197.341             -1.4958E-03 
              383.629E-03       -218.851             -1.91815E-03
              468.1E-03         -242.146             -2.3405E-03 
              489.217E-03       -248.442             -2.44609E-03
              510.335E-03       -254.933             -2.55167E-03
              518.254E-03       -257.429             -2.59127E-03
              530.132E-03       -261.239             -2.65066E-03
              534.587E-03       -260.425             -2.67293E-03
              541.269E-03       -251.958             -2.70634E-03
              551.291E-03       -235.754             -2.75646E-03
              566.325E-03       -212.689             -2.83163E-03
              588.876E-03       -190.816             -2.94438E-03
              611.427E-03       -189.612             -3.05713E-03
              633.978E-03       -206.299             -3.16989E-03
              642.434E-03       -210.607             -3.21217E-03
              655.119E-03       -215.441             -3.2756E-03 
              674.146E-03       -221.381             -3.37073E-03
              702.687E-03       -230.113             -3.51344E-03
              745.499E-03       -243.823             -3.72749E-03
              809.716E-03       -266.884             -4.04858E-03
              906.041E-03       -307.741             -4.53021E-03
              929.531E-03       -318.923             -4.64765E-03
              953.021E-03       -330.855             -4.7651E-03 
              961.829E-03       -335.551             -4.80915E-03
              975.042E-03       -342.772             -4.87521E-03
              979.997E-03       -345.517             -4.89999E-03
              981.855E-03       -344.077             -4.90928E-03
              984.642E-03       -328.562             -4.92321E-03
              988.823E-03       -303.316             -4.94411E-03
              995.094E-03       -267.977             -4.97547E-03
                1.              -243.704             -5.E-03     




