
                             _RF:RF2 PI: PRESS  _U:U2 PI: PRESS-1
                  X               -1 N: 1              N: 1      

                0.                -0.                 0.         
               15.625E-03        -98.4648           -78.125E-06  
               31.25E-03        -131.153           -156.25E-06   
               54.6875E-03      -149.793           -273.438E-06  
               89.8438E-03      -167.276           -449.219E-06  
              142.578E-03       -186.084           -712.891E-06  
              221.68E-03        -211.247             -1.1084E-03 
              300.781E-03       -223.421             -1.50391E-03
              320.557E-03       -226.21              -1.60278E-03
              325.5E-03         -224.886             -1.6275E-03 
              330.444E-03       -223.05              -1.65222E-03
              337.86E-03        -221.204             -1.6893E-03 
              348.984E-03       -223.49              -1.74492E-03
              365.669E-03       -223.149             -1.82835E-03
              382.355E-03       -219.234             -1.91177E-03
              399.04E-03        -222.816             -1.9952E-03 
              424.068E-03       -226.715             -2.12034E-03
              461.611E-03       -235.637             -2.30805E-03
              499.153E-03       -244.688             -2.49577E-03
              536.695E-03       -255.432             -2.68348E-03
              574.238E-03       -268.495             -2.87119E-03
              611.78E-03        -283.463             -3.0589E-03 
              649.323E-03       -289.665             -3.24661E-03
              686.865E-03       -290.985             -3.43432E-03
              724.407E-03       -286.422             -3.62204E-03
              761.95E-03        -274.705             -3.80975E-03
              799.492E-03       -267.29              -3.99746E-03
              837.034E-03       -276.627             -4.18517E-03
              893.348E-03       -295.025             -4.46674E-03
              977.818E-03       -341.21              -4.88909E-03
                1.              -353.536             -5.E-03     




