
                             _RF:RF2 PI: PRESS  _U:U2 PI: PRESS-1
                  X              -1 N: 1_1            N: 1_1     

                0.                -0.                 0.         
               62.5E-03         -141.132           -312.5E-06    
               78.125E-03       -145.892           -390.625E-06  
               93.75E-03        -150.694           -468.75E-06   
              117.188E-03       -157.597           -585.938E-06  
              152.344E-03       -167.629           -761.719E-06  
              187.5E-03         -175.681           -937.5E-06    
              196.289E-03       -176.793           -981.445E-06  
              202.881E-03       -176.828             -1.0144E-03 
              209.473E-03       -176.462             -1.04736E-03
              216.064E-03       -177.296             -1.08032E-03
              222.656E-03       -176.66              -1.11328E-03
              229.248E-03       -176.199             -1.14624E-03
              235.84E-03        -176.954             -1.1792E-03 
              245.728E-03       -177.014             -1.22864E-03
              260.559E-03       -179.313             -1.3028E-03 
              282.806E-03       -183.263             -1.41403E-03
              316.177E-03       -190.145             -1.58089E-03
              366.234E-03       -198.117             -1.83117E-03
              367.407E-03       -197.967             -1.83704E-03
              368.58E-03        -197.897             -1.8429E-03 
              370.34E-03        -197.987             -1.8517E-03 
              370.67E-03        -198.024             -1.85335E-03
              370.917E-03       -198.042             -1.85459E-03
              371.103E-03       -198.059             -1.85552E-03
              371.289E-03       -198.072             -1.85644E-03
              371.474E-03       -198.086             -1.85737E-03
              371.66E-03        -198.102             -1.8583E-03 
              371.845E-03       -198.117             -1.85923E-03
              372.031E-03       -198.129             -1.86016E-03
              372.217E-03       -198.144             -1.86108E-03
              372.402E-03       -198.159             -1.86201E-03
              372.588E-03       -198.174             -1.86294E-03
              372.773E-03       -198.187             -1.86387E-03
              372.959E-03       -198.198             -1.8648E-03 
              373.145E-03       -198.21              -1.86572E-03
              373.33E-03        -198.22              -1.86665E-03
              373.47E-03        -198.226             -1.86735E-03
              373.574E-03       -198.23              -1.86787E-03
              373.678E-03       -198.233             -1.86839E-03
              373.783E-03       -198.235             -1.86891E-03
              373.887E-03       -198.239             -1.86944E-03
              373.992E-03       -198.239             -1.86996E-03
              374.07E-03        -198.241             -1.87035E-03
              374.148E-03       -198.241             -1.87074E-03
              374.207E-03       -198.242             -1.87103E-03
              374.266E-03       -198.243             -1.87133E-03
              374.324E-03       -198.243             -1.87162E-03
              374.383E-03       -198.242             -1.87192E-03
              374.442E-03       -198.243             -1.87221E-03
              374.5E-03         -198.241             -1.8725E-03 
              374.559E-03       -198.241             -1.8728E-03 
              374.618E-03       -198.241             -1.87309E-03
              374.706E-03       -198.24              -1.87353E-03
              374.794E-03       -198.237             -1.87397E-03
              374.882E-03       -198.235             -1.87441E-03
              374.97E-03        -198.233             -1.87485E-03
              375.102E-03       -198.23              -1.87551E-03
              375.301E-03       -198.22              -1.8765E-03 
              375.499E-03       -198.212             -1.87749E-03
              375.697E-03       -198.2               -1.87849E-03
              375.994E-03       -198.178             -1.87997E-03
              376.44E-03        -198.134             -1.8822E-03 
              377.109E-03       -198.059             -1.88555E-03
              378.113E-03       -197.883             -1.89056E-03
              379.116E-03       -197.684             -1.89558E-03
              380.119E-03       -197.432             -1.9006E-03 
              381.624E-03       -196.997             -1.90812E-03
              383.882E-03       -196.326             -1.91941E-03
              387.269E-03       -195.757             -1.93634E-03
              390.655E-03       -196.007             -1.95327E-03
              394.041E-03       -196.014             -1.97021E-03
              397.428E-03       -195.409             -1.98714E-03
              400.814E-03       -194.247             -2.00407E-03
              405.894E-03       -193.08              -2.02947E-03
              413.513E-03       -193.57              -2.06757E-03
              424.943E-03       -193.623             -2.12471E-03
              436.372E-03       -195.614             -2.18186E-03
              447.801E-03       -197.317             -2.23901E-03
              464.945E-03       -200.38              -2.32473E-03
              490.661E-03       -205.72              -2.4533E-03 
              529.235E-03       -214.777             -2.64617E-03
              536.467E-03       -215.138             -2.68234E-03
              543.7E-03         -213.565             -2.7185E-03 
              550.932E-03       -212.928             -2.75466E-03
              556.357E-03       -212.332             -2.78178E-03
              561.781E-03       -210.144             -2.80891E-03
              567.206E-03       -209.384             -2.83603E-03
              572.63E-03        -209.011             -2.86315E-03
              578.055E-03       -206.263             -2.89027E-03
              583.479E-03       -204.59              -2.91739E-03
              588.903E-03       -205.06              -2.94452E-03
              597.04E-03        -204.629             -2.9852E-03 
              609.245E-03       -206.384             -3.04623E-03
              627.552E-03       -209.416             -3.13776E-03
              655.014E-03       -214.859             -3.27507E-03
              696.205E-03       -226.645             -3.48103E-03
              706.503E-03       -227.075             -3.53252E-03
              709.078E-03       -226.533             -3.54539E-03
              711.652E-03       -225.616             -3.55826E-03
              714.227E-03       -224.699             -3.57113E-03
              716.801E-03       -224.184             -3.58401E-03
              717.123E-03       -224.204             -3.58562E-03
              717.365E-03       -224.211             -3.58682E-03
              717.606E-03       -224.224             -3.58803E-03
              717.847E-03       -224.235             -3.58924E-03
              718.089E-03       -224.25              -3.59044E-03
              718.451E-03       -224.264             -3.59225E-03
              718.994E-03       -224.299             -3.59497E-03
              719.808E-03       -224.323             -3.59904E-03
              720.623E-03       -224.322             -3.60311E-03
              720.776E-03       -224.325             -3.60388E-03
              720.928E-03       -224.315             -3.60464E-03
              721.043E-03       -224.304             -3.60521E-03
              721.157E-03       -224.297             -3.60579E-03
              721.272E-03       -224.284             -3.60636E-03
              721.358E-03       -224.277             -3.60679E-03
              721.444E-03       -224.266             -3.60722E-03
              721.508E-03       -224.26              -3.60754E-03
              721.573E-03       -224.252             -3.60786E-03
              721.637E-03       -224.242             -3.60819E-03
              721.701E-03       -224.235             -3.60851E-03
              721.766E-03       -224.225             -3.60883E-03
              721.83E-03        -224.217             -3.60915E-03
              721.895E-03       -224.207             -3.60947E-03
              721.959E-03       -224.197             -3.6098E-03 
              722.024E-03       -224.186             -3.61012E-03
              722.088E-03       -224.176             -3.61044E-03
              722.153E-03       -224.164             -3.61076E-03
              722.217E-03       -224.154             -3.61108E-03
              722.281E-03       -224.141             -3.61141E-03
              722.346E-03       -224.13              -3.61173E-03
              722.41E-03        -224.116             -3.61205E-03
              722.475E-03       -224.104             -3.61237E-03
              722.539E-03       -224.092             -3.6127E-03 
              722.636E-03       -224.072             -3.61318E-03
              722.732E-03       -224.049             -3.61366E-03
              722.829E-03       -224.03              -3.61415E-03
              722.926E-03       -224.006             -3.61463E-03
              723.022E-03       -223.985             -3.61511E-03
              723.119E-03       -223.961             -3.6156E-03 
              723.216E-03       -223.934             -3.61608E-03
              723.312E-03       -223.911             -3.61656E-03
              723.409E-03       -223.883             -3.61705E-03
              723.506E-03       -223.856             -3.61753E-03
              723.602E-03       -223.829             -3.61801E-03
              723.747E-03       -223.789             -3.61874E-03
              723.965E-03       -223.723             -3.61982E-03
              724.182E-03       -223.653             -3.62091E-03
              724.4E-03         -223.574             -3.622E-03  
              724.617E-03       -223.499             -3.62309E-03
              724.835E-03       -223.417             -3.62417E-03
              725.052E-03       -223.333             -3.62526E-03
              725.27E-03        -223.246             -3.62635E-03
              725.596E-03       -223.108             -3.62798E-03
              726.085E-03       -222.885             -3.63043E-03
              726.819E-03       -222.522             -3.6341E-03 
              727.92E-03        -221.926             -3.6396E-03 
              729.571E-03       -220.932             -3.64786E-03
              732.048E-03       -219.652             -3.66024E-03
              735.764E-03       -219.597             -3.67882E-03
              741.338E-03       -218.204             -3.70669E-03
              749.698E-03       -213.179             -3.74849E-03
              758.058E-03       -213.223             -3.79029E-03
              766.418E-03       -213.129             -3.83209E-03
              778.958E-03       -215.573             -3.89479E-03
              797.769E-03       -219.048             -3.98884E-03
              825.984E-03       -225.889             -4.12992E-03
              868.308E-03       -234.383             -4.34154E-03
              872.276E-03       -232.847             -4.36138E-03
              876.243E-03       -233.339             -4.38122E-03
              880.211E-03       -231.164             -4.40106E-03
              884.179E-03       -226.943             -4.4209E-03 
              888.147E-03       -225.683             -4.44073E-03
              894.099E-03       -224.085             -4.47049E-03
              903.026E-03       -218.801             -4.51513E-03
              916.418E-03       -218.499             -4.58209E-03
              936.505E-03       -222.676             -4.68252E-03
              966.635E-03       -230.325             -4.83318E-03
                1.              -242.235             -5.E-03     




