
                             _RF:RF2 PI: PRESS  _U:U2 PI: PRESS-1
                  X               -1 N: 1              N: 1      

                0.                -0.                 0.         
                3.90625E-03      -47.0347           -19.5312E-06 
                7.8125E-03       -86.8043           -39.0625E-06 
               13.6719E-03      -104.272            -68.3594E-06 
               22.4609E-03      -115.831           -112.305E-06  
               35.6445E-03      -126.334           -178.223E-06  
               55.4199E-03      -137.204           -277.1E-06    
               85.083E-03       -149.41            -425.415E-06  
              129.578E-03       -164.011           -647.888E-06  
              146.263E-03       -168.917           -731.316E-06  
              171.291E-03       -175.929           -856.457E-06  
              180.677E-03       -178.487           -903.385E-06  
              181.557E-03       -178.72            -907.784E-06  
              182.877E-03       -179.076           -914.383E-06  
              183.372E-03       -179.209           -916.858E-06  
              183.557E-03       -179.259           -917.786E-06  
              183.836E-03       -179.334           -919.178E-06  
              183.94E-03        -179.362           -919.7E-06    
              184.097E-03       -179.404           -920.483E-06  
              184.111E-03       -179.408           -920.557E-06  
              184.113E-03       -179.409           -920.563E-06  
              184.114E-03       -179.41            -920.57E-06   
              184.114E-03       -179.411           -920.571E-06  
              184.114E-03       -179.413           -920.571E-06  
              184.114E-03       -149.854           -920.572E-06  
              184.115E-03       -149.855           -920.573E-06  
              184.115E-03       -149.856           -920.573E-06  
              184.115E-03       -149.858           -920.574E-06  
              184.115E-03       -149.861           -920.575E-06  
              184.115E-03       -149.863           -920.576E-06  
              184.115E-03       -149.863           -920.576E-06  
              184.115E-03       -149.863           -920.576E-06  
              184.115E-03       -149.863           -920.576E-06  
              184.115E-03       -149.863           -920.576E-06  
              184.115E-03       -149.863           -920.576E-06  
              184.115E-03       -149.863           -920.576E-06  
              184.115E-03       -149.862           -920.576E-06  
              184.115E-03       -149.861           -920.576E-06  
              184.115E-03       -149.86            -920.576E-06  
              184.115E-03       -149.86            -920.576E-06  
              184.115E-03       -149.86            -920.576E-06  
              184.115E-03       -149.86            -920.576E-06  
              184.115E-03       -149.86            -920.576E-06  
              184.115E-03       -149.861           -920.576E-06  
              184.115E-03       -149.861           -920.577E-06  
              184.115E-03       -149.861           -920.577E-06  
              184.115E-03       -149.862           -920.577E-06  
              184.115E-03       -149.862           -920.577E-06  
              184.116E-03       -149.863           -920.578E-06  
              184.116E-03       -149.863           -920.578E-06  
              184.116E-03       -149.862           -920.579E-06  
              184.116E-03       -149.862           -920.581E-06  
              184.117E-03       -149.863           -920.583E-06  
              184.117E-03       -149.866           -920.586E-06  
              184.118E-03       -149.87            -920.591E-06  
              184.12E-03        -149.876           -920.599E-06  
              184.122E-03       -149.886           -920.61E-06   
              184.125E-03       -149.9             -920.627E-06  
              184.131E-03       -149.922           -920.653E-06  
              184.138E-03       -149.954           -920.691E-06  
              184.15E-03        -150.002           -920.748E-06  
              184.167E-03       -150.074           -920.834E-06  
              184.193E-03       -150.183           -920.963E-06  
              184.231E-03       -150.34            -921.157E-06  
              184.289E-03       -150.575           -921.447E-06  
              184.377E-03       -150.9             -921.883E-06  
              184.507E-03       -151.349           -922.536E-06  
              184.703E-03       -151.965           -923.515E-06  
              184.997E-03       -152.77            -924.985E-06  
              185.438E-03       -153.894           -927.189E-06  
              186.099E-03       -155.238           -930.496E-06  
              187.091E-03       -156.725           -935.456E-06  
              188.579E-03       -158.468           -942.895E-06  
              190.811E-03       -160.421           -954.055E-06  
              194.159E-03       -162.507           -970.794E-06  
              199.181E-03       -164.739           -995.903E-06  
              206.713E-03       -167.282             -1.03357E-03
              218.012E-03       -170.685             -1.09006E-03
              234.961E-03       -175.014             -1.1748E-03 
              260.383E-03       -180.922             -1.30192E-03
              298.518E-03       -189.604             -1.49259E-03
              355.719E-03       -202.631             -1.77859E-03
              361.081E-03       -203.88              -1.80541E-03
              366.444E-03       -205.125             -1.83222E-03
              371.806E-03       -206.372             -1.85903E-03
              373.817E-03       -206.841             -1.86909E-03
              374.572E-03       -207.017             -1.87286E-03
              375.703E-03       -207.281             -1.87851E-03
              376.127E-03       -207.38              -1.88063E-03
              376.763E-03       -207.529             -1.88382E-03
              376.823E-03       -207.543             -1.88411E-03
              376.824E-03       -207.544             -1.88412E-03
              376.826E-03       -207.545             -1.88413E-03
              376.827E-03       -207.547             -1.88413E-03
              376.827E-03       -207.548             -1.88413E-03
              376.827E-03       -207.551             -1.88413E-03
              376.827E-03       -165.394             -1.88414E-03
              376.827E-03       -165.395             -1.88414E-03
              376.827E-03       -165.396             -1.88414E-03
              376.827E-03       -165.398             -1.88414E-03
              376.828E-03       -165.4               -1.88414E-03
              376.828E-03       -165.404             -1.88414E-03
              376.828E-03       -165.4               -1.88414E-03
              376.829E-03       -165.401             -1.88414E-03
              376.829E-03       -165.404             -1.88414E-03
              376.829E-03       -165.406             -1.88415E-03
              376.83E-03        -165.408             -1.88415E-03
              376.832E-03       -165.414             -1.88416E-03
              376.833E-03       -165.422             -1.88417E-03
              376.836E-03       -165.434             -1.88418E-03
              376.841E-03       -165.453             -1.8842E-03 
              376.847E-03       -165.48              -1.88423E-03
              376.856E-03       -165.521             -1.88428E-03
              376.871E-03       -165.58              -1.88435E-03
              376.892E-03       -165.67              -1.88446E-03
              376.925E-03       -165.803             -1.88462E-03
              376.973E-03       -165.994             -1.88487E-03
              377.046E-03       -166.276             -1.88523E-03
              377.155E-03       -166.679             -1.88577E-03
              377.318E-03       -167.252             -1.88659E-03
              377.563E-03       -168.058             -1.88782E-03
              377.931E-03       -169.139             -1.88966E-03
              378.483E-03       -170.458             -1.89241E-03
              379.31E-03        -172.086             -1.89655E-03
              380.551E-03       -173.897             -1.90276E-03
              382.413E-03       -176.119             -1.91206E-03
              385.205E-03       -178.865             -1.92603E-03
              389.394E-03       -181.65              -1.94697E-03
              395.678E-03       -184.692             -1.97839E-03
              405.102E-03       -187.736             -2.02551E-03
              419.24E-03        -191.761             -2.0962E-03 
              440.446E-03       -197.231             -2.20223E-03
              472.255E-03       -205.014             -2.36127E-03
              519.968E-03       -216.329             -2.59984E-03
              537.86E-03        -220.625             -2.6893E-03 
              544.57E-03        -222.248             -2.72285E-03
              554.635E-03       -224.681             -2.77317E-03
              555.578E-03       -224.908             -2.77789E-03
              556.994E-03       -225.251             -2.78497E-03
              557.524E-03       -225.379             -2.78762E-03
              558.32E-03        -225.571             -2.7916E-03 
              558.325E-03       -225.572             -2.79163E-03
              558.326E-03       -225.58              -2.79163E-03
              558.326E-03       -225.578             -2.79163E-03
              558.326E-03       -225.581             -2.79163E-03
              558.326E-03       -225.582             -2.79163E-03
              558.327E-03       -225.584             -2.79163E-03
              558.327E-03       -225.578             -2.79164E-03
              558.327E-03       -225.579             -2.79164E-03
              558.327E-03       -225.581             -2.79164E-03
              558.328E-03       -225.581             -2.79164E-03
              558.328E-03       -225.582             -2.79164E-03
              558.328E-03       -175.878             -2.79164E-03
              558.328E-03       -175.878             -2.79164E-03
              558.328E-03       -175.879             -2.79164E-03
              558.328E-03       -175.88              -2.79164E-03
              558.328E-03       -175.882             -2.79164E-03
              558.328E-03       -175.884             -2.79164E-03
              558.329E-03       -175.888             -2.79164E-03
              558.329E-03       -175.888             -2.79164E-03
              558.329E-03       -175.888             -2.79164E-03
              558.329E-03       -175.883             -2.79165E-03
              558.329E-03       -175.885             -2.79165E-03
              558.33E-03        -175.888             -2.79165E-03
              558.33E-03        -175.888             -2.79165E-03
              558.331E-03       -175.892             -2.79166E-03
              558.333E-03       -175.897             -2.79166E-03
              558.335E-03       -175.906             -2.79167E-03
              558.338E-03       -175.919             -2.79169E-03
              558.343E-03       -175.939             -2.79171E-03
              558.35E-03        -175.968             -2.79175E-03
              558.361E-03       -176.013             -2.7918E-03 
              558.377E-03       -176.079             -2.79189E-03
              558.401E-03       -176.179             -2.79201E-03
              558.438E-03       -176.327             -2.79219E-03
              558.492E-03       -176.55              -2.79246E-03
              558.574E-03       -176.847             -2.79287E-03
              558.697E-03       -177.26              -2.79349E-03
              558.881E-03       -177.814             -2.79441E-03
              559.158E-03       -178.558             -2.79579E-03
              559.572E-03       -179.529             -2.79786E-03
              560.194E-03       -180.673             -2.80097E-03
              561.127E-03       -182.212             -2.80563E-03
              562.526E-03       -184.051             -2.81263E-03
              564.625E-03       -186.286             -2.82312E-03
              567.773E-03       -189.165             -2.83887E-03
              572.495E-03       -192.625             -2.86248E-03
              579.579E-03       -196.426             -2.89789E-03
              590.204E-03       -200.629             -2.95102E-03
              606.142E-03       -205.332             -3.03071E-03
              630.048E-03       -211.912             -3.15024E-03
              665.908E-03       -221.793             -3.32954E-03
              719.698E-03       -236.24              -3.59849E-03
              720.958E-03       -236.579             -3.60479E-03
              720.988E-03       -236.589             -3.60494E-03
              721.032E-03       -236.601             -3.60516E-03
              721.049E-03       -236.606             -3.60524E-03
              721.055E-03       -236.608             -3.60528E-03
              721.065E-03       -236.61              -3.60532E-03
              721.068E-03       -236.611             -3.60534E-03
              721.068E-03       -236.618             -3.60534E-03
              721.069E-03       -236.627             -3.60534E-03
              721.069E-03       -236.627             -3.60534E-03
              721.069E-03       -236.627             -3.60534E-03
              721.069E-03       -236.626             -3.60534E-03
              721.069E-03       -184.58              -3.60534E-03
              721.069E-03       -184.58              -3.60534E-03
              721.069E-03       -184.58              -3.60534E-03
              721.069E-03       -184.58              -3.60534E-03
              721.069E-03       -184.58              -3.60534E-03
              721.069E-03       -184.58              -3.60534E-03
              721.069E-03       -184.58              -3.60534E-03
              721.069E-03       -184.58              -3.60534E-03
              721.069E-03       -184.58              -3.60534E-03
              721.069E-03       -184.58              -3.60534E-03
              721.069E-03       -184.58              -3.60534E-03
              721.069E-03       -184.58              -3.60534E-03
              721.069E-03       -184.58              -3.60534E-03
              721.069E-03       -184.581             -3.60534E-03
              721.069E-03       -184.581             -3.60534E-03
              721.069E-03       -184.581             -3.60534E-03
              721.069E-03       -184.582             -3.60535E-03
              721.069E-03       -184.583             -3.60535E-03
              721.069E-03       -184.585             -3.60535E-03
              721.069E-03       -184.588             -3.60535E-03
              721.07E-03        -184.591             -3.60535E-03
              721.07E-03        -184.585             -3.60535E-03
              721.07E-03        -184.589             -3.60535E-03
              721.071E-03       -184.59              -3.60535E-03
              721.071E-03       -184.591             -3.60536E-03
              721.072E-03       -184.591             -3.60536E-03
              721.073E-03       -184.596             -3.60536E-03
              721.075E-03       -184.602             -3.60537E-03
              721.077E-03       -184.611             -3.60539E-03
              721.081E-03       -184.625             -3.60541E-03
              721.087E-03       -184.647             -3.60543E-03
              721.096E-03       -184.679             -3.60548E-03
              721.109E-03       -184.727             -3.60554E-03
              721.128E-03       -184.795             -3.60564E-03
              721.157E-03       -184.896             -3.60579E-03
              721.201E-03       -185.048             -3.60601E-03
              721.267E-03       -185.257             -3.60633E-03
              721.365E-03       -185.53              -3.60683E-03
              721.513E-03       -185.916             -3.60757E-03
              721.735E-03       -186.438             -3.60868E-03
              722.068E-03       -187.098             -3.61034E-03
              722.567E-03       -187.973             -3.61283E-03
              723.315E-03       -189.132             -3.61658E-03
              724.438E-03       -190.552             -3.62219E-03
              726.123E-03       -192.363             -3.63061E-03
              728.65E-03        -194.793             -3.64325E-03
              732.44E-03        -198.014             -3.6622E-03 
              738.125E-03       -201.886             -3.69062E-03
              746.652E-03       -206.32              -3.73326E-03
              759.443E-03       -210.933             -3.79722E-03
              778.63E-03        -216.591             -3.89315E-03
              807.41E-03        -224.85              -4.03705E-03
              850.581E-03       -237.34              -4.2529E-03 
              866.77E-03        -242.236             -4.33385E-03
              872.841E-03       -244.114             -4.3642E-03 
              875.117E-03       -244.821             -4.37559E-03
              875.171E-03       -244.839             -4.37585E-03
              875.176E-03       -244.84              -4.37588E-03
              875.177E-03       -244.841             -4.37589E-03
              875.178E-03       -244.844             -4.37589E-03
              875.178E-03       -244.85              -4.37589E-03
              875.178E-03       -244.852             -4.37589E-03
              875.178E-03       -244.855             -4.37589E-03
              875.178E-03       -189.885             -4.37589E-03
              875.178E-03       -189.886             -4.37589E-03
              875.178E-03       -189.887             -4.37589E-03
              875.178E-03       -189.888             -4.37589E-03
              875.178E-03       -189.889             -4.37589E-03
              875.178E-03       -189.891             -4.37589E-03
              875.179E-03       -189.894             -4.37589E-03
              875.179E-03       -189.898             -4.37589E-03
              875.179E-03       -189.892             -4.3759E-03 
              875.18E-03        -189.894             -4.3759E-03 
              875.181E-03       -189.897             -4.3759E-03 
              875.182E-03       -189.901             -4.37591E-03
              875.184E-03       -189.908             -4.37592E-03
              875.186E-03       -189.92              -4.37593E-03
              875.19E-03        -189.936             -4.37595E-03
              875.196E-03       -189.962             -4.37598E-03
              875.206E-03       -189.998             -4.37603E-03
              875.219E-03       -190.05              -4.3761E-03 
              875.24E-03        -190.123             -4.3762E-03 
              875.271E-03       -190.222             -4.37635E-03
              875.317E-03       -190.349             -4.37658E-03
              875.386E-03       -190.533             -4.37693E-03
              875.49E-03        -190.79              -4.37745E-03
              875.646E-03       -191.17              -4.37823E-03
              875.881E-03       -191.694             -4.3794E-03 
              876.232E-03       -192.394             -4.38116E-03
              876.759E-03       -193.33              -4.38379E-03
              877.549E-03       -194.612             -4.38775E-03
              878.735E-03       -196.322             -4.39367E-03
              880.513E-03       -198.568             -4.40257E-03
              883.18E-03        -201.459             -4.4159E-03 
              887.181E-03       -205.015             -4.43591E-03
              893.183E-03       -208.877             -4.46592E-03
              902.186E-03       -213.235             -4.51093E-03
              915.689E-03       -217.85              -4.57845E-03
              935.945E-03       -224.026             -4.67972E-03
              966.328E-03       -233.459             -4.83164E-03
                1.              -244.134             -5.E-03     




