
                             _RF:RF2 PI: PRESS  _U:U2 PI: PRESS-1
                  X              -1 N: 1_1            N: 1_1     

                0.                -0.                 0.         
               15.625E-03       -115.03             -78.125E-06  
               31.25E-03        -134.686           -156.25E-06   
               54.6875E-03      -150.461           -273.438E-06  
               89.8438E-03      -167.025           -449.219E-06  
              142.578E-03       -186.626           -712.891E-06  
              221.68E-03        -212.142             -1.1084E-03 
              251.343E-03       -221.368             -1.25671E-03
              254.124E-03       -222.236             -1.27062E-03
              254.189E-03       -222.256             -1.27094E-03
              254.213E-03       -222.263             -1.27107E-03
              254.25E-03        -222.275             -1.27125E-03
              254.251E-03       -222.288             -1.27125E-03
              254.251E-03       -222.281             -1.27126E-03
              254.251E-03       -222.281             -1.27126E-03
              254.251E-03       -222.282             -1.27126E-03
              254.251E-03       -222.283             -1.27126E-03
              254.251E-03       -222.284             -1.27126E-03
              254.252E-03       -149.207             -1.27126E-03
              254.252E-03       -149.208             -1.27126E-03
              254.252E-03       -149.209             -1.27126E-03
              254.252E-03       -149.21              -1.27126E-03
              254.252E-03       -149.213             -1.27126E-03
              254.252E-03       -149.216             -1.27126E-03
              254.253E-03       -149.211             -1.27126E-03
              254.253E-03       -149.212             -1.27127E-03
              254.254E-03       -149.215             -1.27127E-03
              254.256E-03       -149.219             -1.27128E-03
              254.258E-03       -149.225             -1.27129E-03
              254.261E-03       -149.235             -1.27131E-03
              254.266E-03       -149.249             -1.27133E-03
              254.274E-03       -149.27              -1.27137E-03
              254.285E-03       -149.302             -1.27142E-03
              254.302E-03       -149.349             -1.27151E-03
              254.327E-03       -149.421             -1.27163E-03
              254.364E-03       -149.528             -1.27182E-03
              254.421E-03       -149.688             -1.2721E-03 
              254.506E-03       -149.927             -1.27253E-03
              254.633E-03       -150.284             -1.27316E-03
              254.824E-03       -150.816             -1.27412E-03
              255.11E-03        -151.598             -1.27555E-03
              255.539E-03       -152.744             -1.27769E-03
              256.182E-03       -154.428             -1.28091E-03
              257.148E-03       -156.801             -1.28574E-03
              258.596E-03       -159.598             -1.29298E-03
              260.768E-03       -162.689             -1.30384E-03
              264.026E-03       -166.47              -1.32013E-03
              268.914E-03       -171.42              -1.34457E-03
              276.245E-03       -176.259             -1.38123E-03
              287.242E-03       -181.455             -1.43621E-03
              303.737E-03       -187.911             -1.51869E-03
              328.48E-03        -195.963             -1.6424E-03 
              365.595E-03       -206.085             -1.82797E-03
              421.267E-03       -220.986             -2.10633E-03
              504.774E-03       -244.557             -2.52387E-03
              588.281E-03       -271.389             -2.94141E-03
              671.789E-03       -302.882             -3.35895E-03
              692.666E-03       -311.638             -3.46333E-03
              697.885E-03       -313.862             -3.48943E-03
              705.714E-03       -317.23              -3.52857E-03
              708.65E-03        -318.505             -3.54325E-03
              709.751E-03       -318.988             -3.54875E-03
              710.164E-03       -319.169             -3.55082E-03
              710.318E-03       -319.237             -3.55159E-03
              710.376E-03       -319.262             -3.55188E-03
              710.398E-03       -319.272             -3.55199E-03
              710.431E-03       -319.286             -3.55215E-03
              710.443E-03       -319.292             -3.55222E-03
              710.448E-03       -319.294             -3.55224E-03
              710.448E-03       -319.303             -3.55224E-03
              710.449E-03       -319.317             -3.55224E-03
              710.449E-03       -319.317             -3.55224E-03
              710.449E-03       -319.317             -3.55224E-03
              710.449E-03       -319.317             -3.55224E-03
              710.449E-03       -319.317             -3.55224E-03
              710.449E-03       -319.31              -3.55224E-03
              710.449E-03       -174.141             -3.55224E-03
              710.449E-03       -174.142             -3.55224E-03
              710.449E-03       -174.142             -3.55224E-03
              710.449E-03       -174.142             -3.55224E-03
              710.449E-03       -174.142             -3.55224E-03
              710.449E-03       -174.142             -3.55224E-03
              710.449E-03       -174.142             -3.55224E-03
              710.449E-03       -174.142             -3.55224E-03
              710.449E-03       -174.142             -3.55224E-03
              710.449E-03       -174.142             -3.55224E-03
              710.449E-03       -174.142             -3.55224E-03
              710.449E-03       -174.142             -3.55224E-03
              710.449E-03       -174.142             -3.55224E-03
              710.449E-03       -174.142             -3.55224E-03
              710.449E-03       -174.142             -3.55224E-03
              710.449E-03       -174.142             -3.55224E-03
              710.449E-03       -174.142             -3.55224E-03
              710.449E-03       -174.143             -3.55224E-03
              710.449E-03       -174.143             -3.55224E-03
              710.449E-03       -174.144             -3.55224E-03
              710.449E-03       -174.146             -3.55225E-03
              710.449E-03       -174.148             -3.55225E-03
              710.449E-03       -174.151             -3.55225E-03
              710.45E-03        -174.155             -3.55225E-03
              710.45E-03        -174.153             -3.55225E-03
              710.451E-03       -174.152             -3.55225E-03
              710.452E-03       -174.158             -3.55226E-03
              710.454E-03       -174.164             -3.55227E-03
              710.456E-03       -174.173             -3.55228E-03
              710.46E-03        -174.186             -3.5523E-03 
              710.465E-03       -174.208             -3.55232E-03
              710.473E-03       -174.239             -3.55237E-03
              710.485E-03       -174.287             -3.55243E-03
              710.503E-03       -174.359             -3.55252E-03
              710.531E-03       -174.466             -3.55265E-03
              710.571E-03       -174.626             -3.55286E-03
              710.633E-03       -174.866             -3.55316E-03
              710.725E-03       -175.225             -3.55362E-03
              710.862E-03       -175.76              -3.55431E-03
              711.069E-03       -176.551             -3.55535E-03
              711.38E-03        -177.428             -3.5569E-03 
              711.845E-03       -178.712             -3.55923E-03
              712.543E-03       -180.374             -3.56272E-03
              713.59E-03        -182.626             -3.56795E-03
              715.161E-03       -185.876             -3.57581E-03
              717.517E-03       -190.494             -3.58759E-03
              721.052E-03       -195.942             -3.60526E-03
              726.353E-03       -201.452             -3.63177E-03
              734.305E-03       -208.096             -3.67153E-03
              746.234E-03       -217.242             -3.73117E-03
              764.126E-03       -227.427             -3.82063E-03
              790.965E-03       -240.598             -3.95483E-03
              831.223E-03       -256.774             -4.15612E-03
              871.482E-03       -273.137             -4.35741E-03
              911.74E-03        -290.727             -4.5587E-03 
              972.127E-03       -319.985             -4.86063E-03
                1.              -335.004             -5.E-03     




