
                             _RF:RF2 PI: PRESS  _U:U2 PI: PRESS-1
                  X              -1 N: 1_1            N: 1_1     

                0.                -0.                 0.         
               15.625E-03       -115.031            -78.125E-06  
               31.25E-03        -134.687           -156.25E-06   
               54.6875E-03      -150.462           -273.438E-06  
               89.8438E-03      -167.025           -449.219E-06  
              142.578E-03       -186.626           -712.891E-06  
              221.68E-03        -212.142             -1.1084E-03 
              340.332E-03       -249.414             -1.70166E-03
              458.984E-03       -290.768             -2.29492E-03
              577.637E-03       -340.006             -2.88818E-03
              696.289E-03       -400.188             -3.48145E-03
              725.952E-03       -417.796             -3.62976E-03
              755.615E-03       -436.603             -3.77808E-03
              800.11E-03        -467.269             -4.00055E-03
              866.852E-03       -519.503             -4.33426E-03
              933.594E-03       -578.148             -4.66797E-03
              950.195E-03       -594.099             -4.75098E-03
              966.797E-03       -610.622             -4.83398E-03
              991.699E-03       -636.486             -4.9585E-03 
                1.              -645.497             -5.E-03     




