
                             U:Magnitude PI: B
                  X             EAM-1 N: 755  

                0.                 0.         
               20.E-03           716.515E-09  
               40.E-03             1.75687E-06
               50.0001E-03       724.572E-09  
               60.E-03             2.93133E-06
               80.0002E-03         3.0207E-06 
              100.E-03             2.03702E-06
              120.E-03             1.06051E-06
              140.E-03           306.982E-09  
              150.E-03             3.36943E-06
              160.E-03             1.28592E-06
              180.E-03             1.89041E-06
              200.E-03             2.58054E-06
              220.E-03             2.31607E-06
              240.E-03           959.317E-09  
              250.E-03             2.82674E-06
              260.E-03           318.601E-09  
              280.E-03             1.33419E-06
              300.E-03             2.1623E-06 
              320.E-03             2.33269E-06
              340.E-03             1.9696E-06 
              350.E-03             2.1705E-06 
              360.E-03             1.01309E-06
              380.E-03           366.174E-09  
              400.E-03             1.279E-06  
              420.E-03             1.90196E-06
              440.E-03             2.52611E-06
              450.E-03             1.35493E-06
              460.E-03             2.15659E-06
              480.E-03           828.672E-09  
              500.E-03           376.36E-09   
              520.E-03             1.38478E-06
              540.E-03             2.13529E-06
              550.E-03            92.6203E-09 
              560.E-03             2.32508E-06
              580.E-03             2.02859E-06
              600.E-03             1.00396E-06
              620.E-03           459.818E-09  
              640.E-03             1.41951E-06
              650.E-03             1.31028E-06
              660.E-03             2.10568E-06
              680.E-03             2.67792E-06
              700.E-03             2.17244E-06
              720.E-03           765.362E-09  
              740.E-03           561.276E-09  
              750.E-03             2.58205E-06
              760.E-03             1.6484E-06 
              780.E-03             2.35875E-06
              800.E-03             2.52159E-06
              820.E-03             2.15102E-06
              840.E-03           899.748E-09  
              850.E-03             2.86988E-06
              860.E-03           776.812E-09  
              880.E-03             1.85755E-06
              900.E-03             2.53422E-06
              920.E-03             2.87729E-06
              940.E-03             2.09379E-06
              950.E-03             2.64529E-06
              960.E-03           495.295E-09  
              980.E-03           986.417E-09  
                1.                 2.12916E-06




