
                             _U:Magnitude PI:   _U:U1 PI: BEAM-1   _U:U2 PI: BEAM-1 
                  X           BEAM-1 N: 755_1        N: 755_1           N: 755_1    

                0.                 0.                 0.                 0.         
               20.0003E-03       139.939E-06          1.72221E-06     -139.928E-06  
               40.E-03           219.575E-06         -1.96801E-06      219.566E-06  
               50.0001E-03        73.4888E-06       831.065E-09        -73.4841E-06 
               60.0002E-03       237.535E-06        509.41E-09        -237.535E-06  
               80.E-03           213.576E-06         -1.25199E-06      213.572E-06  
              100.E-03           139.857E-06          1.74399E-06     -139.847E-06  
              120.E-03            16.9543E-06        -1.45127E-06       16.892E-06  
              140.E-03           111.88E-06        -155.074E-09        111.88E-06   
              150.E-03           184.063E-06          1.31673E-06     -184.058E-06  
              160.E-03           224.956E-06          1.59572E-06     -224.951E-06  
              180.E-03           298.162E-06         -4.12332E-06      298.134E-06  
              200.E-03           293.625E-06          3.94234E-06     -293.599E-06  
              220.E-03           203.922E-06         -3.53751E-06      203.891E-06  
              240.E-03            51.6556E-06       859.31E-09         -51.6485E-06 
              250.E-03           254.988E-06          1.68213E-06     -254.982E-06  
              260.E-03           120.51E-06           1.65875E-06     -120.498E-06  
              280.E-03           258.068E-06         -3.96901E-06      258.037E-06  
              300.E-03           310.99E-06           3.73262E-06     -310.968E-06  
              320.E-03           274.141E-06         -4.29318E-06      274.108E-06  
              340.E-03           151.876E-06          2.3691E-06      -151.858E-06  
              350.E-03           269.148E-06          2.35841E-06     -269.138E-06  
              360.E-03            16.2339E-06      -319.58E-09         -16.2308E-06 
              380.E-03           171.16E-06          -1.70702E-06      171.151E-06  
              400.E-03           268.95E-06           2.63367E-06     -268.937E-06  
              420.E-03           279.978E-06         -3.71704E-06      279.954E-06  
              440.E-03           198.574E-06          2.40072E-06     -198.56E-06   
              450.E-03           276.084E-06          3.29341E-06     -276.065E-06  
              460.E-03            56.0449E-06        -1.13971E-06       56.0333E-06 
              480.E-03           100.276E-06       -597.738E-09        100.274E-06  
              500.E-03           221.912E-06          1.80653E-06     -221.904E-06  
              520.E-03           280.377E-06         -3.51093E-06      280.355E-06  
              540.E-03           295.124E-06          3.51874E-06     -295.103E-06  
              550.E-03           105.276E-06        810.217E-09       -105.273E-06  
              560.E-03           232.841E-06         -2.95241E-06      232.822E-06  
              580.E-03           132.676E-06        968.998E-09       -132.672E-06  
              600.E-03            41.924E-06       -399.853E-09         41.9221E-06 
              620.E-03            49.1276E-06      -155.933E-09         49.1273E-06 
              640.E-03           159.502E-06          1.55672E-06     -159.495E-06  
              650.E-03           178.477E-06         -1.78206E-06      178.469E-06  
              660.E-03           253.977E-06         -3.60193E-06      253.951E-06  
              680.E-03           285.444E-06          3.12233E-06     -285.426E-06  
              700.E-03           262.242E-06         -2.93891E-06      262.226E-06  
              720.E-03           220.373E-06          2.09958E-06     -220.363E-06  
              740.E-03           157.928E-06         -2.22185E-06      157.912E-06  
              750.E-03           262.476E-06         -3.26114E-06      262.456E-06  
              760.E-03            53.4201E-06       833.677E-09        -53.4136E-06 
              780.E-03            73.2518E-06         1.04229E-06      -73.2443E-06 
              800.E-03           173.361E-06         -2.38002E-06      173.345E-06  
              820.E-03           231.808E-06          2.25691E-06     -231.797E-06  
              840.E-03           267.085E-06         -3.08083E-06      267.067E-06  
              850.E-03            21.1245E-06      -558.854E-09         21.1171E-06 
              860.E-03           277.064E-06          3.00637E-06     -277.048E-06  
              880.E-03           235.22E-06          -3.19928E-06      235.198E-06  
              900.E-03           142.102E-06          1.42831E-06     -142.095E-06  
              920.E-03            34.6254E-06      -167.19E-09          34.625E-06  
              940.E-03            62.5872E-06      -684.576E-09         62.5834E-06 
              950.E-03           257.367E-06          2.80245E-06     -257.352E-06  
              960.E-03           154.86E-06           1.41945E-06     -154.853E-06  
              980.E-03           238.186E-06         -3.00842E-06      238.167E-06  
                1.               282.388E-06          3.13307E-06     -282.371E-06  




