
                             UT:Magnitude PI: 
                  X             BEAM-1 N: 93  

                0.                 0.         
               20.0003E-03       385.057E-09  
               40.0002E-03         1.76928E-06
               60.0001E-03         3.11612E-06
               80.E-03             2.77558E-06
              100.E-03             2.23363E-06
              120.E-03             2.0512E-06 
              140.E-03             1.72284E-06
              160.E-03           216.177E-09  
              180.E-03           911.4E-09    
              200.E-03             1.55121E-06
              220.E-03             1.90132E-06
              240.E-03             3.00819E-06
              260.E-03             3.08691E-06
              280.E-03             2.10604E-06
              300.E-03             1.04135E-06
              320.E-03           876.635E-09  
              340.E-03           266.047E-09  
              360.E-03             1.42168E-06
              380.E-03             2.72067E-06
              400.E-03             2.62159E-06
              420.E-03             2.21292E-06
              440.E-03             2.56173E-06
              460.E-03             2.18452E-06
              480.E-03           978.346E-09  
              500.E-03           390.897E-09  
              520.E-03           117.149E-09  
              540.E-03             1.16245E-06
              560.E-03           901.802E-09  
              580.E-03             2.16189E-06
              600.E-03             1.41945E-06
              620.E-03             2.368E-06  
              640.E-03             1.78461E-06
              660.E-03             2.99907E-06
              680.E-03             2.48386E-06
              700.E-03             3.26697E-06
              720.E-03             2.31409E-06
              740.E-03             2.77491E-06
              760.E-03             2.30508E-06
              780.E-03             2.72892E-06
              800.E-03             2.07771E-06
              820.E-03             2.17439E-06
              840.E-03             1.55982E-06
              860.E-03             1.22588E-06
              880.E-03           844.507E-09  
              900.E-03           453.992E-09  
              920.E-03           306.715E-09  
              940.E-03           241.217E-09  
              960.E-03           424.928E-09  
              980.E-03             1.46245E-06
                1.                 1.33405E-06




