
                             _U:Magnitude PI:   _U:U1 PI: BEAM-1   _U:U2 PI: BEAM-1 
                  X           BEAM-1 N: 755_1        N: 755_1           N: 755_1    

                0.                 0.                 0.                 0.         
               20.E-03           716.515E-09         -2.70722E-09     -716.51E-09   
               40.E-03             1.75687E-06       -3.96851E-09        1.75687E-06
               50.0001E-03       724.572E-09        -16.4188E-09      -724.386E-09  
               60.E-03             2.93133E-06       43.2944E-09        -2.93101E-06
               80.0002E-03         3.0207E-06       -41.0028E-09         3.02042E-06
              100.E-03             2.03702E-06      698.045E-12         -2.03702E-06
              120.E-03             1.06051E-06        4.11003E-09        1.0605E-06 
              140.E-03           306.982E-09        -25.917E-09        305.886E-09  
              150.E-03             3.36943E-06       68.1809E-09        -3.36874E-06
              160.E-03             1.28592E-06       11.1849E-09        -1.28587E-06
              180.E-03             1.89041E-06       10.3028E-09         1.89039E-06
              200.E-03             2.58054E-06       30.0194E-09        -2.58037E-06
              220.E-03             2.31607E-06      -36.5261E-09         2.31578E-06
              240.E-03           959.317E-09         -5.49087E-09     -959.301E-09  
              250.E-03             2.82674E-06       24.9086E-09        -2.82663E-06
              260.E-03           318.601E-09         16.4965E-09      -318.173E-09  
              280.E-03             1.33419E-06      -14.235E-09          1.33411E-06
              300.E-03             2.1623E-06        24.1941E-09        -2.16217E-06
              320.E-03             2.33269E-06       -6.79428E-09        2.33268E-06
              340.E-03             1.9696E-06         4.62024E-09       -1.96959E-06
              350.E-03             2.1705E-06        20.0066E-09        -2.17041E-06
              360.E-03             1.01309E-06       -7.33203E-09        1.01306E-06
              380.E-03           366.174E-09        -10.7198E-09       366.017E-09  
              400.E-03             1.279E-06       -671.4E-12           -1.279E-06  
              420.E-03             1.90196E-06        6.18333E-09        1.90195E-06
              440.E-03             2.52611E-06       32.1076E-09        -2.5259E-06 
              450.E-03             1.35493E-06       28.9987E-09        -1.35462E-06
              460.E-03             2.15659E-06      -31.4978E-09         2.15636E-06
              480.E-03           828.672E-09         -4.34276E-09     -828.661E-09  
              500.E-03           376.36E-09           5.17327E-09     -376.324E-09  
              520.E-03             1.38478E-06       -7.06048E-09        1.38476E-06
              540.E-03             2.13529E-06       12.4684E-09        -2.13526E-06
              550.E-03            92.6203E-09        12.563E-09        -91.7643E-09 
              560.E-03             2.32508E-06       -6.55672E-09        2.32507E-06
              580.E-03             2.02859E-06       19.4703E-09        -2.0285E-06 
              600.E-03             1.00396E-06      -19.6308E-09         1.00377E-06
              620.E-03           459.818E-09         -3.12077E-09      459.807E-09  
              640.E-03             1.41951E-06       -4.60839E-09       -1.4195E-06 
              650.E-03             1.31028E-06       -3.75584E-09        1.31027E-06
              660.E-03             2.10568E-06     -684.671E-12          2.10568E-06
              680.E-03             2.67792E-06       41.3836E-09        -2.6776E-06 
              700.E-03             2.17244E-06      -37.3676E-09         2.17211E-06
              720.E-03           765.362E-09          5.16098E-09     -765.345E-09  
              740.E-03           561.276E-09          2.91195E-09     -561.269E-09  
              750.E-03             2.58205E-06      -45.9352E-09         2.58164E-06
              760.E-03             1.6484E-06        -9.031E-09          1.64837E-06
              780.E-03             2.35875E-06       12.1108E-09        -2.35872E-06
              800.E-03             2.52159E-06      -15.8054E-09         2.52154E-06
              820.E-03             2.15102E-06       38.2957E-09        -2.15068E-06
              840.E-03           899.748E-09        -30.6419E-09       899.227E-09  
              850.E-03             2.86988E-06      -37.6456E-09         2.86963E-06
              860.E-03           776.812E-09         -3.45423E-09      776.805E-09  
              880.E-03             1.85755E-06        8.32305E-09       -1.85753E-06
              900.E-03             2.53422E-06      -21.012E-09          2.53413E-06
              920.E-03             2.87729E-06       50.7367E-09        -2.87684E-06
              940.E-03             2.09379E-06      -38.0594E-09         2.09344E-06
              950.E-03             2.64529E-06      -24.4909E-09         2.64518E-06
              960.E-03           495.295E-09          5.65799E-09     -495.262E-09  
              980.E-03           986.417E-09          6.08838E-09     -986.399E-09  
                1.                 2.12916E-06      -16.2228E-09         2.12909E-06




