
                             _U:Magnitude PI:   _U:U1 PI: BEAM-1   _U:U2 PI: BEAM-1 
                  X             BEAM-1 N: 1            N: 1               N: 1      

                0.                 0.                 0.                 0.         
               20.0001E-03       130.046E-06          1.38991E-06     -130.039E-06  
               40.0001E-03       223.507E-06         -2.2809E-06       223.495E-06  
               60.E-03           263.167E-06          2.10746E-06     -263.159E-06  
               80.0004E-03       243.347E-06         -2.85735E-06      243.33E-06   
              100.E-03           159.067E-06          2.00745E-06     -159.054E-06  
              120.E-03            27.7138E-06      -969.111E-09         27.6969E-06 
              140.E-03           117.28E-06        -903.298E-09        117.277E-06  
              160.E-03           234.886E-06          2.27079E-06     -234.875E-06  
              180.E-03           289.766E-06         -3.88454E-06      289.74E-06   
              200.E-03           264.535E-06          3.11143E-06     -264.517E-06  
              220.E-03           165.536E-06         -2.41747E-06      165.518E-06  
              240.E-03            21.0186E-06       363.529E-09        -21.0155E-06 
              260.E-03           128.002E-06          1.47095E-06     -127.993E-06  
              280.E-03           240.168E-06         -3.26712E-06      240.146E-06  
              300.E-03           285.76E-06           3.17429E-06     -285.743E-06  
              320.E-03           254.324E-06         -3.31946E-06      254.302E-06  
              340.E-03           156.477E-06          1.64008E-06     -156.468E-06  
              360.E-03            19.819E-06        -94.8776E-09        19.8188E-06 
              380.E-03           119.121E-06         -1.60805E-06      119.11E-06   
              400.E-03           224.57E-06           2.45666E-06     -224.557E-06  
              420.E-03           270.394E-06         -3.38601E-06      270.373E-06  
              440.E-03           246.123E-06          2.48993E-06     -246.111E-06  
              460.E-03           159.031E-06         -1.82078E-06      159.02E-06   
              480.E-03            32.0043E-06       284.608E-09        -32.0031E-06 
              500.E-03           102.235E-06          1.1262E-06      -102.229E-06  
              520.E-03           236.225E-06         -2.9773E-06       236.207E-06  
              540.E-03           264.367E-06          2.7907E-06      -264.352E-06  
              560.E-03           174.977E-06         -2.20262E-06      174.963E-06  
              580.E-03             8.74297E-06      143.911E-09         -8.74178E-06
              600.E-03           159.742E-06          1.65641E-06     -159.733E-06  
              620.E-03           255.379E-06         -3.14214E-06      255.36E-06   
              640.E-03           236.037E-06          2.42802E-06     -236.024E-06  
              660.E-03           111.084E-06         -1.30169E-06      111.076E-06  
              680.E-03            63.0785E-06      -783.409E-09         63.0736E-06 
              700.E-03           208.45E-06           2.22046E-06     -208.438E-06  
              720.E-03           260.312E-06         -3.27201E-06      260.291E-06  
              740.E-03           196.003E-06          2.07931E-06     -195.992E-06  
              760.E-03            44.7511E-06      -529.214E-09         44.748E-06  
              780.E-03           125.631E-06         -1.53453E-06      125.622E-06  
              800.E-03           239.187E-06          2.5213E-06      -239.174E-06  
              820.E-03           245.705E-06         -3.08962E-06      245.686E-06  
              840.E-03           142.936E-06          1.56163E-06     -142.927E-06  
              860.E-03            22.6935E-06       222.443E-09        -22.6924E-06 
              880.E-03           177.04E-06          -2.15308E-06      177.027E-06  
              900.E-03           251.44E-06           2.60798E-06     -251.426E-06  
              920.E-03           213.254E-06         -2.62853E-06      213.238E-06  
              940.E-03            80.22E-06         869.206E-09        -80.2153E-06 
              960.E-03            87.8223E-06       965.607E-09        -87.817E-06  
              980.E-03           215.757E-06         -2.67624E-06      215.74E-06   
                1.               246.805E-06          2.57922E-06     -246.792E-06  




