
                             U:Magnitude PI: B  U:U1 PI: BEAM-1 N  U:U2 PI: BEAM-1 N
                  X            EAM-1 N: 1505          : 1505             : 1505     

                0.                 0.                 0.                 0.         
               20.E-03             1.44671E-06       22.1031E-09        -1.44654E-06
               40.0002E-03         2.20072E-06      -21.7107E-09         2.20061E-06
               50.0001E-03       777.333E-09         10.1176E-09      -777.267E-09  
               60.0003E-03         2.3139E-06      -857.085E-12         -2.3139E-06 
               80.0001E-03         2.22762E-06      -22.0415E-09         2.22751E-06
              100.E-03             1.46844E-06       27.1695E-09        -1.46819E-06
              120.E-03             5.01352E-09       -4.33886E-09       -2.51192E-09
              140.E-03             1.40632E-06       -9.50553E-09        1.40629E-06
              150.E-03             2.00423E-06       29.6255E-09        -2.00401E-06
              160.E-03             2.29059E-06       17.1408E-09        -2.29053E-06
              180.E-03             2.4558E-06       -15.2328E-09         2.45575E-06
              200.E-03             2.01303E-06       13.6671E-09        -2.01299E-06
              220.E-03             1.07096E-06      -18.2363E-09         1.07081E-06
              240.E-03           385.034E-09          2.66772E-09      385.025E-09  
              250.E-03             2.8175E-06        39.5969E-09        -2.81722E-06
              260.E-03             1.53275E-06        9.96778E-09       -1.53272E-06
              280.E-03             2.49603E-06      -25.0064E-09         2.49591E-06
              300.E-03             3.2132E-06        45.4139E-09        -3.21288E-06
              300.E-03             3.21325E-06       45.4176E-09        -3.21293E-06
              320.E-03             2.9572E-06       -41.958E-09          2.9569E-06 
              340.E-03             1.77378E-06       14.4238E-09        -1.77372E-06
              350.E-03             2.34846E-06       22.9082E-09        -2.34834E-06
              360.E-03           444.336E-09          7.70964E-09      444.269E-09  
              380.E-03           507.873E-09        -10.2456E-09       507.77E-09   
              400.E-03             1.27408E-06        8.20554E-09       -1.27406E-06
              420.E-03             2.18569E-06      -19.6338E-09         2.1856E-06 
              440.E-03             3.02105E-06       39.6477E-09        -3.02079E-06
              450.E-03           377.787E-09         11.1392E-09      -377.623E-09  
              460.E-03             3.13971E-06      -46.2437E-09         3.13937E-06
              480.E-03             2.27176E-06       27.807E-09         -2.27159E-06
              500.E-03           917.582E-09       -990.298E-12        917.582E-09  
              520.E-03           883.059E-09        -17.7696E-09       882.88E-09   
              540.E-03             2.44234E-06       34.548E-09         -2.4421E-06 
              550.E-03           808.073E-09         -1.86494E-09      808.071E-09  
              560.E-03             3.11261E-06      -42.6887E-09         3.11232E-06
              580.E-03             2.51794E-06       32.4257E-09        -2.51774E-06
              600.E-03             1.02798E-06      -16.7016E-09         1.02785E-06
              620.E-03           915.437E-09         -9.05802E-09      915.392E-09  
              640.E-03             2.37729E-06       25.2465E-09        -2.37716E-06
              650.E-03           993.817E-09        -19.7456E-09       993.621E-09  
              660.E-03             2.8851E-06       -33.456E-09          2.8849E-06 
              680.E-03             2.18249E-06       26.5153E-09        -2.18233E-06
              700.E-03           584.016E-09         -8.63707E-09      583.953E-09  
              720.E-03             1.18743E-06       -9.26694E-09        1.1874E-06 
              740.E-03             2.46756E-06       24.5771E-09        -2.46744E-06
              750.E-03           101.275E-09          4.65324E-09      101.168E-09  
              760.E-03             2.61241E-06      -23.8839E-09         2.6123E-06 
              780.E-03             1.64995E-06       13.3168E-09        -1.64989E-06
              800.E-03           111.289E-09          8.2269E-09      -110.984E-09  
              820.E-03             1.90185E-06      -29.0596E-09         1.90163E-06
              840.E-03             3.00019E-06       41.496E-09         -2.99991E-06
              850.E-03             6.95776E-09       -1.23543E-09       -6.8472E-09 
              860.E-03             2.9795E-06       -42.2522E-09         2.9792E-06 
              880.E-03             1.80251E-06       27.6812E-09        -1.8023E-06 
              900.E-03            21.5365E-09        -8.13446E-09       19.9412E-09 
              920.E-03             1.69716E-06      -12.7104E-09         1.69711E-06
              940.E-03             2.58838E-06       22.7414E-09        -2.58828E-06
              950.E-03           326.806E-09        594.046E-12       -326.805E-09  
              960.E-03             2.3271E-06       -20.513E-09          2.32701E-06
              980.E-03             1.01674E-06        6.27031E-09       -1.01673E-06
                1.               801.71E-09          14.3112E-09      -801.582E-09  




