
                             _U:Magnitude PI:   _U:U1 PI: BEAM-1   _U:U2 PI: BEAM-1 
                  X            BEAM-1 N: 755          N: 755             N: 755     

                0.                 0.                 0.                 0.         
               20.0004E-03         1.39821E-06       18.0405E-09        -1.39809E-06
               40.0001E-03         2.19583E-06      -17.8395E-09         2.19576E-06
               50.0003E-03       733.619E-09          8.62817E-09     -733.569E-09  
               60.0004E-03         2.37711E-06        7.79725E-09       -2.3771E-06 
               80.0001E-03         2.13607E-06      -10.4694E-09         2.13604E-06
              100.E-03             1.40175E-06       18.2055E-09        -1.40163E-06
              120.E-03           176.353E-09        -14.4037E-09       175.764E-09  
              140.E-03             1.11077E-06     -506.803E-12          1.11077E-06
              150.E-03             1.84128E-06       14.5874E-09        -1.84122E-06
              160.E-03             2.24743E-06       17.947E-09         -2.24736E-06
              180.E-03             2.98459E-06      -37.8113E-09         2.98435E-06
              200.E-03             2.94061E-06       43.6462E-09        -2.94029E-06
              220.E-03             2.04425E-06      -33.4167E-09         2.04398E-06
              240.E-03           520.543E-09          8.93871E-09     -520.467E-09  
              250.E-03             2.55431E-06       19.4705E-09        -2.55423E-06
              260.E-03             1.20042E-06       17.6034E-09        -1.20029E-06
              280.E-03             2.57968E-06      -36.6966E-09         2.57942E-06
              300.E-03             3.11363E-06       41.9854E-09        -3.11335E-06
              320.E-03             2.74673E-06      -39.3879E-09         2.74645E-06
              340.E-03             1.53026E-06       25.0012E-09        -1.53005E-06
              350.E-03             2.68164E-06       26.2289E-09        -2.68151E-06
              360.E-03           152.212E-09         -3.05265E-09     -152.182E-09  
              380.E-03             1.70746E-06      -16.1101E-09         1.70739E-06
              400.E-03             2.69284E-06       29.5648E-09        -2.69267E-06
              420.E-03             2.81351E-06      -34.2273E-09         2.8133E-06 
              440.E-03             2.00944E-06       26.4372E-09        -2.00927E-06
              450.E-03             2.74526E-06       35.8138E-09        -2.74503E-06
              460.E-03           585.529E-09        -11.4149E-09       585.418E-09  
              480.E-03           980.798E-09         -5.19079E-09      980.784E-09  
              500.E-03             2.20752E-06       19.7495E-09        -2.20744E-06
              520.E-03             2.80921E-06      -32.3378E-09         2.80902E-06
              540.E-03             2.95719E-06       39.0168E-09        -2.95694E-06
              550.E-03             1.02215E-06        8.01661E-09       -1.02212E-06
              560.E-03             2.33357E-06      -27.1046E-09         2.33341E-06
              580.E-03             1.34784E-06       10.6833E-09        -1.3478E-06 
              600.E-03           455.951E-09         -4.43483E-09      455.929E-09  
              620.E-03           461.152E-09       -829.578E-12        461.151E-09  
              640.E-03             1.58076E-06       16.859E-09         -1.58067E-06
              650.E-03             1.8103E-06       -16.8261E-09         1.81022E-06
              660.E-03             2.52744E-06      -33.0764E-09         2.52722E-06
              680.E-03             2.83984E-06       34.2376E-09        -2.83964E-06
              700.E-03             2.62458E-06      -26.5395E-09         2.62444E-06
              720.E-03             2.23146E-06       23.5304E-09        -2.23134E-06
              740.E-03             1.61438E-06      -21.605E-09          1.61424E-06
              750.E-03             2.6026E-06       -29.3186E-09         2.60243E-06
              760.E-03           561.496E-09          8.69906E-09     -561.429E-09  
              780.E-03           704.092E-09         10.6448E-09      -704.012E-09  
              800.E-03             1.69666E-06      -21.8625E-09         1.69652E-06
              820.E-03             2.29028E-06       24.1324E-09        -2.29016E-06
              840.E-03             2.66982E-06      -28.198E-09          2.66967E-06
              850.E-03           173.458E-09         -5.03505E-09      173.385E-09  
              860.E-03             2.7877E-06        33.6318E-09        -2.7875E-06 
              880.E-03             2.37156E-06      -29.6935E-09         2.37137E-06
              900.E-03             1.44839E-06       15.2989E-09        -1.4483E-06 
              920.E-03           391.998E-09         -2.04496E-09      391.992E-09  
              940.E-03           574.414E-09         -5.65466E-09      574.386E-09  
              950.E-03             2.58414E-06       30.7358E-09        -2.58396E-06
              960.E-03             1.51429E-06       14.9557E-09        -1.51422E-06
              980.E-03             2.36609E-06      -27.7556E-09         2.36592E-06
                1.                 2.81505E-06       34.5606E-09        -2.81483E-06




