
                             _RF:RF2 PI: PRESS  _U:U2 PI: PRESS-1
                  X               -1 N: 1              N: 1      

                0.                 0.                 0.         
               50.0431E-06      -645.04              -2.90262E-06
              100.037E-06         -3.05576E+03      -21.4226E-06 
              150.035E-06         -2.81859E+03      -66.5686E-06 
              200.036E-06         -3.28716E+03     -144.855E-06  
              250.038E-06         -2.5731E+03      -258.858E-06  
              300.039E-06         -3.52189E+03     -407.779E-06  
              350.041E-06         -3.89612E+03     -588.006E-06  
              400.042E-06         -3.73173E+03     -793.678E-06  
              450.043E-06         -4.97946E+03       -1.01725E-03
              500.045E-06         -3.79186E+03       -1.25004E-03
              550.046E-06         -5.23577E+03       -1.48283E-03
              600.047E-06         -4.29083E+03       -1.70637E-03
              650.049E-06         -5.50657E+03       -1.91201E-03
              700.001E-06         -4.74998E+03       -2.09202E-03
              750.002E-06         -5.40697E+03       -2.24091E-03
              800.004E-06         -4.9201E+03        -2.35489E-03
              850.005E-06         -5.60378E+03       -2.43315E-03
              900.007E-06         -4.88268E+03       -2.47827E-03
              950.008E-06         -5.91412E+03       -2.49677E-03
                1.E-03            -5.22791E+03       -2.49966E-03




