
                             _RF:RF2 PI: PRESS  _U:U2 PI: PRESS-1
                  X               -1 N: 1              N: 1      

                0.                 0.                 0.         
               50.0431E-06      -662.908             -2.90262E-06
              100.037E-06         -3.54027E+03      -21.4226E-06 
              150.035E-06         -5.33697E+03      -66.5685E-06 
              200.036E-06         -7.16376E+03     -144.855E-06  
              250.038E-06         -7.53601E+03     -258.857E-06  
              300.039E-06         -8.55573E+03     -407.778E-06  
              350.041E-06         -9.00783E+03     -588.004E-06  
              400.042E-06         -9.86713E+03     -793.676E-06  
              450.043E-06        -10.2255E+03        -1.01724E-03
              500.045E-06        -10.7519E+03        -1.25004E-03
              550.046E-06        -11.9071E+03        -1.48282E-03
              600.047E-06        -12.467E+03         -1.70636E-03
              650.049E-06        -13.0221E+03        -1.912E-03  
              700.001E-06        -12.9158E+03        -2.09201E-03
              750.002E-06        -12.9225E+03        -2.2409E-03 
              800.004E-06        -14.165E+03         -2.35488E-03
              850.005E-06        -14.5591E+03        -2.43314E-03
              900.007E-06        -14.4038E+03        -2.47826E-03
              950.008E-06        -15.1804E+03        -2.49676E-03
                1.E-03           -15.0992E+03        -2.49965E-03




