
                                                _S:Mises (Avg: 75
                             _U:U2 PI: SAMPLE-  p) PI: SAMPLE-1 N
                  X                1 N: 7              : 7       

                0.                 0.                 0.         
               10.E-03            18.7112E-03         1.93371E-03
               20.E-03            37.4224E-03         3.96739E-03
               30.E-03            56.1338E-03         6.11489E-03
               45.E-03            84.2009E-03         9.58508E-03
               67.5E-03          126.302E-03         15.4865E-03 
              101.25E-03         189.456E-03         26.5527E-03 
              151.875E-03        284.194E-03         52.0842E-03 
              227.812E-03        426.335E-03        145.463E-03  
              327.812E-03        613.66E-03         589.188E-03  
              427.812E-03        801.055E-03          1.43579    
              527.812E-03        988.474E-03          2.82157    
              627.812E-03          1.1759             5.09351    
              727.812E-03          1.36333            8.9552     
              827.812E-03          1.55075           15.9123     
              927.812E-03          1.73817           29.3901     
                1.                 1.87345           47.517      




