
                                                _S:Mises (Avg: 75
                             _U:U2 PI: SAMPLE-  p) PI: SAMPLE-1 N
                  X               1 N: 60              : 60      

                0.                 0.                 0.         
               10.E-03            20.2386E-03         1.31718E-03
               20.E-03            40.4784E-03         2.68032E-03
               30.E-03            60.7192E-03         4.09334E-03
               45.E-03            91.0817E-03         6.31599E-03
               67.5E-03          136.627E-03          9.91627E-03
              101.25E-03         204.945E-03         16.0616E-03 
              151.875E-03        307.404E-03         27.682E-03  
              227.812E-03        460.952E-03         55.3806E-03 
              327.812E-03        662.343E-03        151.456E-03  
              427.812E-03        861.96E-03         526.77E-03   
              527.812E-03          1.06141            1.36302    
              627.812E-03          1.26142            2.64612    
              727.812E-03          1.46157            4.54734    
              827.812E-03          1.66176            7.46122    
              927.812E-03          1.86195           12.1408     
                1.                 2.00646           17.3983     




